<?xml version="1.0" encoding="UTF-8"?>
<testng-results skipped="0" failed="0" total="1" passed="1">
  <reporter-output>
  </reporter-output>
  <suite name="CorrecaoVendasSuite" duration-ms="1662" started-at="2013-02-08T23:13:00Z" finished-at="2013-02-08T23:13:02Z">
    <groups>
    </groups>
    <test name="Default test" duration-ms="1662" started-at="2013-02-08T23:13:00Z" finished-at="2013-02-08T23:13:02Z">
      <class name="br.com.abril.nds.process.CorrecaoVendasTest">
        <test-method status="PASS" signature="main()[pri:0, instance:br.com.abril.nds.process.CorrecaoVendasTest@2ab8cdc7]" name="main" duration-ms="1648" started-at="2013-02-08T21:13:00Z" finished-at="2013-02-08T21:13:02Z">
          <reporter-output>
          </reporter-output>
        </test-method> <!-- main -->
      </class> <!-- br.com.abril.nds.process.CorrecaoVendasTest -->
    </test> <!-- Default test -->
  </suite> <!-- CorrecaoVendasSuite -->
  <suite name="NDS-EstudoAlgoritmoSuite" duration-ms="0" started-at="2013-02-08T23:13:02Z" finished-at="2013-02-08T23:13:02Z">
    <groups>
    </groups>
  </suite> <!-- NDS-EstudoAlgoritmoSuite -->
  <suite name="NDS-TestSuite" duration-ms="0" started-at="2013-02-08T23:13:02Z" finished-at="2013-02-08T23:13:02Z">
    <groups>
    </groups>
  </suite> <!-- NDS-TestSuite -->
</testng-results>
