# JRE version: 7.0_04-b20
# Java VM: Java HotSpot(TM) 64-Bit Server VM (23.0-b21 mixed mode windows-amd64 compressed oops)
Heap
 PSYoungGen      total 12800K, used 3702K [0x00000000eb160000, 0x00000000ecb60000, 0x0000000000000000)
  eden space 12288K, 30% used [0x00000000eb160000,0x00000000eb4fdbd8,0x00000000ebd60000)
  from space 512K, 0% used [0x00000000ebd60000,0x00000000ebd60000,0x00000000ebde0000)
  to   space 5184K, 0% used [0x00000000ec650000,0x00000000ec650000,0x00000000ecb60000)
 ParOldGen       total 20224K, used 6535K [0x00000000c1400000, 0x00000000c27c0000, 0x00000000eb160000)
  object space 20224K, 32% used [0x00000000c1400000,0x00000000c1a61d40,0x00000000c27c0000)
 PSPermGen       total 21248K, used 6590K [0x00000000bc200000, 0x00000000bd6c0000, 0x00000000c1400000)
  object space 21248K, 31% used [0x00000000bc200000,0x00000000bc86f958,0x00000000bd6c0000)
GC Heap History (10 events):
Event: 0.256 GC heap before
{Heap before GC invocations=3 (full 0):
 PSYoungGen      total 6656K, used 6633K [0x00000000eb160000, 0x00000000eb860000, 0x0000000000000000)
  eden space 6144K, 100% used [0x00000000eb160000,0x00000000eb760000,0x00000000eb760000)
  from space 512K, 95% used [0x00000000eb7e0000,0x00000000eb85a4c0,0x00000000eb860000)
  to   space 512K, 0% used [0x00000000eb760000,0x00000000eb760000,0x00000000eb7e0000)
 ParOldGen       total 5504K, used 528K [0x00000000c1400000, 0x00000000c1960000, 0x00000000eb160000)
  object space 5504K, 9% used [0x00000000c1400000,0x00000000c1484020,0x00000000c1960000)
 PSPermGen       total 21248K, used 6024K [0x00000000bc200000, 0x00000000bd6c0000, 0x00000000c1400000)
  object space 21248K, 28% used [0x00000000bc200000,0x00000000bc7e2208,0x00000000bd6c0000)
Event: 0.258 GC heap after
Heap after GC invocations=3 (full 0):
 PSYoungGen      total 6656K, used 505K [0x00000000eb160000, 0x00000000ebe60000, 0x0000000000000000)
  eden space 6144K, 0% used [0x00000000eb160000,0x00000000eb160000,0x00000000eb760000)
  from space 512K, 98% used [0x00000000eb760000,0x00000000eb7de4b0,0x00000000eb7e0000)
  to   space 512K, 0% used [0x00000000ebde0000,0x00000000ebde0000,0x00000000ebe60000)
 ParOldGen       total 5504K, used 1431K [0x00000000c1400000, 0x00000000c1960000, 0x00000000eb160000)
  object space 5504K, 26% used [0x00000000c1400000,0x00000000c1565ea8,0x00000000c1960000)
 PSPermGen       total 21248K, used 6024K [0x00000000bc200000, 0x00000000bd6c0000, 0x00000000c1400000)
  object space 21248K, 28% used [0x00000000bc200000,0x00000000bc7e2208,0x00000000bd6c0000)
}
Event: 0.359 GC heap before
{Heap before GC invocations=4 (full 0):
 PSYoungGen      total 6656K, used 6644K [0x00000000eb160000, 0x00000000ebe60000, 0x0000000000000000)
  eden space 6144K, 99% used [0x00000000eb160000,0x00000000eb75edd0,0x00000000eb760000)
  from space 512K, 98% used [0x00000000eb760000,0x00000000eb7de4b0,0x00000000eb7e0000)
  to   space 512K, 0% used [0x00000000ebde0000,0x00000000ebde0000,0x00000000ebe60000)
 ParOldGen       total 5504K, used 1431K [0x00000000c1400000, 0x00000000c1960000, 0x00000000eb160000)
  object space 5504K, 26% used [0x00000000c1400000,0x00000000c1565ea8,0x00000000c1960000)
 PSPermGen       total 21248K, used 6040K [0x00000000bc200000, 0x00000000bd6c0000, 0x00000000c1400000)
  object space 21248K, 28% used [0x00000000bc200000,0x00000000bc7e63f8,0x00000000bd6c0000)
Event: 0.363 GC heap after
Heap after GC invocations=4 (full 0):
 PSYoungGen      total 12800K, used 498K [0x00000000eb160000, 0x00000000ebe60000, 0x0000000000000000)
  eden space 12288K, 0% used [0x00000000eb160000,0x00000000eb160000,0x00000000ebd60000)
  from space 512K, 97% used [0x00000000ebde0000,0x00000000ebe5c860,0x00000000ebe60000)
  to   space 512K, 0% used [0x00000000ebd60000,0x00000000ebd60000,0x00000000ebde0000)
 ParOldGen       total 5504K, used 3789K [0x00000000c1400000, 0x00000000c1960000, 0x00000000eb160000)
  object space 5504K, 68% used [0x00000000c1400000,0x00000000c17b3590,0x00000000c1960000)
 PSPermGen       total 21248K, used 6040K [0x00000000bc200000, 0x00000000bd6c0000, 0x00000000c1400000)
  object space 21248K, 28% used [0x00000000bc200000,0x00000000bc7e63f8,0x00000000bd6c0000)
}
Event: 0.363 GC heap before
{Heap before GC invocations=5 (full 1):
 PSYoungGen      total 12800K, used 498K [0x00000000eb160000, 0x00000000ebe60000, 0x0000000000000000)
  eden space 12288K, 0% used [0x00000000eb160000,0x00000000eb160000,0x00000000ebd60000)
  from space 512K, 97% used [0x00000000ebde0000,0x00000000ebe5c860,0x00000000ebe60000)
  to   space 512K, 0% used [0x00000000ebd60000,0x00000000ebd60000,0x00000000ebde0000)
 ParOldGen       total 5504K, used 3789K [0x00000000c1400000, 0x00000000c1960000, 0x00000000eb160000)
  object space 5504K, 68% used [0x00000000c1400000,0x00000000c17b3590,0x00000000c1960000)
 PSPermGen       total 21248K, used 6040K [0x00000000bc200000, 0x00000000bd6c0000, 0x00000000c1400000)
  object space 21248K, 28% used [0x00000000bc200000,0x00000000bc7e63f8,0x00000000bd6c0000)
Event: 0.383 GC heap after
Heap after GC invocations=5 (full 1):
 PSYoungGen      total 12800K, used 0K [0x00000000eb160000, 0x00000000ebe60000, 0x0000000000000000)
  eden space 12288K, 0% used [0x00000000eb160000,0x00000000eb160000,0x00000000ebd60000)
  from space 512K, 0% used [0x00000000ebde0000,0x00000000ebde0000,0x00000000ebe60000)
  to   space 512K, 0% used [0x00000000ebd60000,0x00000000ebd60000,0x00000000ebde0000)
 ParOldGen       total 11136K, used 3612K [0x00000000c1400000, 0x00000000c1ee0000, 0x00000000eb160000)
  object space 11136K, 32% used [0x00000000c1400000,0x00000000c1787278,0x00000000c1ee0000)
 PSPermGen       total 21248K, used 6035K [0x00000000bc200000, 0x00000000bd6c0000, 0x00000000c1400000)
  object space 21248K, 28% used [0x00000000bc200000,0x00000000bc7e4f98,0x00000000bd6c0000)
}
Event: 0.655 GC heap before
{Heap before GC invocations=6 (full 1):
 PSYoungGen      total 12800K, used 12288K [0x00000000eb160000, 0x00000000ebe60000, 0x0000000000000000)
  eden space 12288K, 100% used [0x00000000eb160000,0x00000000ebd60000,0x00000000ebd60000)
  from space 512K, 0% used [0x00000000ebde0000,0x00000000ebde0000,0x00000000ebe60000)
  to   space 512K, 0% used [0x00000000ebd60000,0x00000000ebd60000,0x00000000ebde0000)
 ParOldGen       total 11136K, used 3612K [0x00000000c1400000, 0x00000000c1ee0000, 0x00000000eb160000)
  object space 11136K, 32% used [0x00000000c1400000,0x00000000c1787278,0x00000000c1ee0000)
 PSPermGen       total 21248K, used 6539K [0x00000000bc200000, 0x00000000bd6c0000, 0x00000000c1400000)
  object space 21248K, 30% used [0x00000000bc200000,0x00000000bc862f28,0x00000000bd6c0000)
Event: 0.659 GC heap after
Heap after GC invocations=6 (full 1):
 PSYoungGen      total 12800K, used 497K [0x00000000eb160000, 0x00000000ecb60000, 0x0000000000000000)
  eden space 12288K, 0% used [0x00000000eb160000,0x00000000eb160000,0x00000000ebd60000)
  from space 512K, 97% used [0x00000000ebd60000,0x00000000ebddc7d8,0x00000000ebde0000)
  to   space 5184K, 0% used [0x00000000ec650000,0x00000000ec650000,0x00000000ecb60000)
 ParOldGen       total 11136K, used 8319K [0x00000000c1400000, 0x00000000c1ee0000, 0x00000000eb160000)
  object space 11136K, 74% used [0x00000000c1400000,0x00000000c1c1fe38,0x00000000c1ee0000)
 PSPermGen       total 21248K, used 6539K [0x00000000bc200000, 0x00000000bd6c0000, 0x00000000c1400000)
  object space 21248K, 30% used [0x00000000bc200000,0x00000000bc862f28,0x00000000bd6c0000)
}
Event: 0.659 GC heap before
{Heap before GC invocations=7 (full 2):
 PSYoungGen      total 12800K, used 497K [0x00000000eb160000, 0x00000000ecb60000, 0x0000000000000000)
  eden space 12288K, 0% used [0x00000000eb160000,0x00000000eb160000,0x00000000ebd60000)
  from space 512K, 97% used [0x00000000ebd60000,0x00000000ebddc7d8,0x00000000ebde0000)
  to   space 5184K, 0% used [0x00000000ec650000,0x00000000ec650000,0x00000000ecb60000)
 ParOldGen       total 11136K, used 8319K [0x00000000c1400000, 0x00000000c1ee0000, 0x00000000eb160000)
  object space 11136K, 74% used [0x00000000c1400000,0x00000000c1c1fe38,0x00000000c1ee0000)
 PSPermGen       total 21248K, used 6539K [0x00000000bc200000, 0x00000000bd6c0000, 0x00000000c1400000)
  object space 21248K, 30% used [0x00000000bc200000,0x00000000bc862f28,0x00000000bd6c0000)
Event: 0.686 GC heap after
Heap after GC invocations=7 (full 2):
 PSYoungGen      total 12800K, used 0K [0x00000000eb160000, 0x00000000ecb60000, 0x0000000000000000)
  eden space 12288K, 0% used [0x00000000eb160000,0x00000000eb160000,0x00000000ebd60000)
  from space 512K, 0% used [0x00000000ebd60000,0x00000000ebd60000,0x00000000ebde0000)
  to   space 5184K, 0% used [0x00000000ec650000,0x00000000ec650000,0x00000000ecb60000)
 ParOldGen       total 20224K, used 6535K [0x00000000c1400000, 0x00000000c27c0000, 0x00000000eb160000)
  object space 20224K, 32% used [0x00000000c1400000,0x00000000c1a61d40,0x00000000c27c0000)
 PSPermGen       total 21248K, used 6539K [0x00000000bc200000, 0x00000000bd6c0000, 0x00000000c1400000)
  object space 21248K, 30% used [0x00000000bc200000,0x00000000bc862ee8,0x00000000bd6c0000)
}

